<?xml version="1.0" encoding="UTF-8"?>
<!-- Generated by org.testng.reporters.JUnitXMLReporter -->
<testsuite ignored="0" hostname="SW-LP17820" failures="2" tests="3" name="PDP Cucumber Tests" time="32.232" errors="0" timestamp="2026-06-28T22:52:09 IST">
  <testcase classname="io.cucumber.testng.AbstractTestNGCucumberTests" name="runScenario" time="10.733">
    <failure type="java.lang.RuntimeException" message="Experiment locators not yet configured — see &amp;apos;Experiment Details&amp;apos; step. Core flow passed.">
      <![CDATA[java.lang.RuntimeException: Experiment locators not yet configured — see 'Experiment Details' step. Core flow passed.
at com.ecommerce.steps.PDPSteps.assertCartVisible(PDPSteps.java:199)
at ✽.the cart icon should be visible in the header(file:///Users/nidhi.upadhyay/Desktop/Quince/src/test/resources/features/pdp.feature:21)
]]>
    </failure>
  </testcase> <!-- runScenario -->
  <testcase classname="io.cucumber.testng.AbstractTestNGCucumberTests" name="runScenario" time="10.336">
    <failure type="java.lang.RuntimeException" message="Experiment locators not yet configured — see &amp;apos;Experiment Details&amp;apos; step. Core flow passed.">
      <![CDATA[java.lang.RuntimeException: Experiment locators not yet configured — see 'Experiment Details' step. Core flow passed.
at com.ecommerce.steps.PDPSteps.assertCartVisible(PDPSteps.java:199)
at ✽.the cart icon should be visible in the header(file:///Users/nidhi.upadhyay/Desktop/Quince/src/test/resources/features/pdp.feature:21)
]]>
    </failure>
  </testcase> <!-- runScenario -->
  <testcase classname="io.cucumber.testng.AbstractTestNGCucumberTests" name="runScenario" time="8.467"/>
</testsuite> <!-- PDP Cucumber Tests -->
