<?xml version="1.0" encoding="UTF-8"?>
<testng-results ignored="0" total="3" passed="1" failed="2" skipped="0">
  <reporter-output>
  </reporter-output>
  <suite started-at="2026-06-28T22:51:37 IST" name="Quince PDP Suite" finished-at="2026-06-28T22:52:09 IST" duration-ms="32232">
    <groups>
      <group name="cucumber">
        <method signature="AbstractTestNGCucumberTests.runScenario(io.cucumber.testng.PickleWrapper,io.cucumber.testng.FeatureWrapper)[pri:0, instance:com.ecommerce.cucumber.CucumberTestRunner@1e683a3e]" name="runScenario" class="io.cucumber.testng.AbstractTestNGCucumberTests"/>
      </group> <!-- cucumber -->
    </groups>
    <test started-at="2026-06-28T22:51:37 IST" name="PDP Cucumber Tests" finished-at="2026-06-28T22:52:09 IST" duration-ms="32232">
      <class name="com.ecommerce.cucumber.CucumberTestRunner">
        <test-method is-config="true" signature="setUpClass(org.testng.ITestContext)[pri:0, instance:com.ecommerce.cucumber.CucumberTestRunner@1e683a3e]" started-at="2026-06-28T22:51:37 IST" name="setUpClass" finished-at="2026-06-28T22:51:39 IST" duration-ms="2601" status="PASS">
          <params>
            <param index="0">
              <value>
                <![CDATA[org.testng.TestRunner@4a901445]]>
              </value>
            </param>
          </params>
          <reporter-output>
          </reporter-output>
        </test-method> <!-- setUpClass -->
        <test-method signature="runScenario(io.cucumber.testng.PickleWrapper,io.cucumber.testng.FeatureWrapper)[pri:0, instance:com.ecommerce.cucumber.CucumberTestRunner@1e683a3e]" started-at="2026-06-28T22:51:39 IST" name="runScenario" description="Runs Cucumber Scenarios" data-provider="scenarios" finished-at="2026-06-28T22:51:50 IST" duration-ms="10733" status="FAIL">
          <params>
            <param index="0">
              <value>
                <![CDATA["PDP add-to-bag flow for user user-mock-001"]]>
              </value>
            </param>
            <param index="1">
              <value>
                <![CDATA["Add product to cart on the Product Detail Page — multi-user experiment coverage"]]>
              </value>
            </param>
          </params>
          <exception class="java.lang.RuntimeException">
            <message>
              <![CDATA[Experiment locators not yet configured — see 'Experiment Details' step. Core flow passed.]]>
            </message>
            <full-stacktrace>
              <![CDATA[java.lang.RuntimeException: Experiment locators not yet configured — see 'Experiment Details' step. Core flow passed.
at com.ecommerce.steps.PDPSteps.assertCartVisible(PDPSteps.java:199)
at ✽.the cart icon should be visible in the header(file:///Users/nidhi.upadhyay/Desktop/Quince/src/test/resources/features/pdp.feature:21)
]]>
            </full-stacktrace>
          </exception> <!-- java.lang.RuntimeException -->
          <reporter-output>
          </reporter-output>
        </test-method> <!-- runScenario -->
        <test-method signature="runScenario(io.cucumber.testng.PickleWrapper,io.cucumber.testng.FeatureWrapper)[pri:0, instance:com.ecommerce.cucumber.CucumberTestRunner@1e683a3e]" started-at="2026-06-28T22:51:50 IST" name="runScenario" description="Runs Cucumber Scenarios" data-provider="scenarios" finished-at="2026-06-28T22:52:01 IST" duration-ms="10336" status="FAIL">
          <params>
            <param index="0">
              <value>
                <![CDATA["PDP add-to-bag flow for user user-mock-002"]]>
              </value>
            </param>
            <param index="1">
              <value>
                <![CDATA["Add product to cart on the Product Detail Page — multi-user experiment coverage"]]>
              </value>
            </param>
          </params>
          <exception class="java.lang.RuntimeException">
            <message>
              <![CDATA[Experiment locators not yet configured — see 'Experiment Details' step. Core flow passed.]]>
            </message>
            <full-stacktrace>
              <![CDATA[java.lang.RuntimeException: Experiment locators not yet configured — see 'Experiment Details' step. Core flow passed.
at com.ecommerce.steps.PDPSteps.assertCartVisible(PDPSteps.java:199)
at ✽.the cart icon should be visible in the header(file:///Users/nidhi.upadhyay/Desktop/Quince/src/test/resources/features/pdp.feature:21)
]]>
            </full-stacktrace>
          </exception> <!-- java.lang.RuntimeException -->
          <reporter-output>
          </reporter-output>
        </test-method> <!-- runScenario -->
        <test-method signature="runScenario(io.cucumber.testng.PickleWrapper,io.cucumber.testng.FeatureWrapper)[pri:0, instance:com.ecommerce.cucumber.CucumberTestRunner@1e683a3e]" started-at="2026-06-28T22:52:01 IST" name="runScenario" description="Runs Cucumber Scenarios" data-provider="scenarios" finished-at="2026-06-28T22:52:09 IST" duration-ms="8467" status="PASS">
          <params>
            <param index="0">
              <value>
                <![CDATA["PDP add-to-bag flow for user user-001"]]>
              </value>
            </param>
            <param index="1">
              <value>
                <![CDATA["Add product to cart on the Product Detail Page — multi-user experiment coverage"]]>
              </value>
            </param>
          </params>
          <reporter-output>
          </reporter-output>
        </test-method> <!-- runScenario -->
        <test-method is-config="true" signature="tearDownClass()[pri:0, instance:com.ecommerce.cucumber.CucumberTestRunner@1e683a3e]" started-at="2026-06-28T22:52:09 IST" name="tearDownClass" finished-at="2026-06-28T22:52:09 IST" duration-ms="76" status="PASS">
          <reporter-output>
          </reporter-output>
        </test-method> <!-- tearDownClass -->
      </class> <!-- com.ecommerce.cucumber.CucumberTestRunner -->
    </test> <!-- PDP Cucumber Tests -->
  </suite> <!-- Quince PDP Suite -->
</testng-results>
