<?xml version="1.0" encoding="UTF-8"?>
<!-- Generated by org.testng.reporters.JUnitReportReporter -->
<testsuite hostname="SW-LP17820" failures="0" tests="3" name="com.ecommerce.cucumber.CucumberTestRunner" time="29.955" errors="0" timestamp="2026-06-28T22:13:30 IST" skipped="0">
  <testcase classname="com.ecommerce.cucumber.CucumberTestRunner" name="runScenario" time="12.981"/>
  <testcase classname="com.ecommerce.cucumber.CucumberTestRunner" name="runScenario" time="8.808"/>
  <testcase classname="com.ecommerce.cucumber.CucumberTestRunner" name="runScenario" time="8.166"/>
</testsuite> <!-- com.ecommerce.cucumber.CucumberTestRunner -->
