<?xml version="1.0" encoding="UTF-8"?>
<!-- Generated by org.testng.reporters.JUnitReportReporter -->
<testsuite hostname="SW-LP17820" failures="0" tests="3" name="com.ecommerce.cucumber.CucumberTestRunner" time="29.536" errors="2" timestamp="2026-06-28T22:52:09 IST" skipped="0">
  <testcase classname="com.ecommerce.cucumber.CucumberTestRunner" name="runScenario" time="10.336">
    <error message="Experiment locators not yet configured — see &#039;Experiment Details&#039; step. Core flow passed." type="java.lang.RuntimeException">
      <![CDATA[java.lang.RuntimeException: Experiment locators not yet configured — see 'Experiment Details' step. Core flow passed.
at com.ecommerce.steps.PDPSteps.assertCartVisible(PDPSteps.java:199)
at ✽.the cart icon should be visible in the header(file:///Users/nidhi.upadhyay/Desktop/Quince/src/test/resources/features/pdp.feature:21)
]]>
    </error>
  </testcase> <!-- runScenario -->
  <testcase classname="com.ecommerce.cucumber.CucumberTestRunner" name="runScenario" time="10.733">
    <error message="Experiment locators not yet configured — see &#039;Experiment Details&#039; step. Core flow passed." type="java.lang.RuntimeException">
      <![CDATA[java.lang.RuntimeException: Experiment locators not yet configured — see 'Experiment Details' step. Core flow passed.
at com.ecommerce.steps.PDPSteps.assertCartVisible(PDPSteps.java:199)
at ✽.the cart icon should be visible in the header(file:///Users/nidhi.upadhyay/Desktop/Quince/src/test/resources/features/pdp.feature:21)
]]>
    </error>
  </testcase> <!-- runScenario -->
  <testcase classname="com.ecommerce.cucumber.CucumberTestRunner" name="runScenario" time="8.467"/>
</testsuite> <!-- com.ecommerce.cucumber.CucumberTestRunner -->
